<?xml version="1.0" encoding="UTF-8"?>
<testng-results ignored="0" total="1" passed="1" failed="0" skipped="0">
  <reporter-output>
  </reporter-output>
  <suite started-at="2023-03-04T20:45:35 BDT" name="Default suite" finished-at="2023-03-04T20:45:55 BDT" duration-ms="20016">
    <groups>
    </groups>
    <test started-at="2023-03-04T20:45:35 BDT" name="Default test" finished-at="2023-03-04T20:45:55 BDT" duration-ms="20016">
      <class name="sqa001.ProgrammingHero.homepage">
        <test-method is-config="true" signature="Start()[pri:0, instance:sqa001.ProgrammingHero.homepage@6892b3b6]" started-at="2023-03-04T20:45:32 BDT" name="Start" finished-at="2023-03-04T20:45:35 BDT" duration-ms="2686" status="PASS">
          <reporter-output>
          </reporter-output>
        </test-method> <!-- Start -->
        <test-method signature="testHP()[pri:0, instance:sqa001.ProgrammingHero.homepage@6892b3b6]" started-at="2023-03-04T20:45:35 BDT" name="testHP" finished-at="2023-03-04T20:45:55 BDT" duration-ms="19958" status="PASS">
          <reporter-output>
          </reporter-output>
        </test-method> <!-- testHP -->
        <test-method is-config="true" signature="close()[pri:0, instance:sqa001.ProgrammingHero.homepage@6892b3b6]" started-at="2023-03-04T20:45:55 BDT" name="close" finished-at="2023-03-04T20:45:55 BDT" duration-ms="337" status="PASS">
          <reporter-output>
          </reporter-output>
        </test-method> <!-- close -->
      </class> <!-- sqa001.ProgrammingHero.homepage -->
    </test> <!-- Default test -->
  </suite> <!-- Default suite -->
</testng-results>
